0 info it worked if it ends with ok
1 verbose cli [ '/home/ubuntu/.nvm/versions/node/v4.5.0/bin/node',
1 verbose cli   '/home/ubuntu/.nvm/versions/node/v4.5.0/bin/npm',
1 verbose cli   'install',
1 verbose cli   'ui.bootstrap' ]
2 info using npm@2.15.9
3 info using node@v4.5.0
4 verbose install initial load of /home/ubuntu/workspace/tuPelo/package.json
5 warn package.json tupelo@1.1.1 No repository field.
6 warn package.json tupelo@1.1.1 No README data
7 warn package.json tupelo@1.1.1 No license field.
8 verbose installManyTop reading scoped package data from /home/ubuntu/workspace/tuPelo/node_modules/angular/package.json
9 verbose installManyTop reading scoped package data from /home/ubuntu/workspace/tuPelo/node_modules/angular-ui-bootstrap-datetimepicker/package.json
10 verbose installManyTop reading scoped package data from /home/ubuntu/workspace/tuPelo/node_modules/angularfire/package.json
11 verbose installManyTop reading scoped package data from /home/ubuntu/workspace/tuPelo/node_modules/bower/package.json
12 verbose installManyTop reading scoped package data from /home/ubuntu/workspace/tuPelo/node_modules/firebase/package.json
13 verbose installManyTop reading scoped package data from /home/ubuntu/workspace/tuPelo/node_modules/gulp/package.json
14 verbose installManyTop reading scoped package data from /home/ubuntu/workspace/tuPelo/node_modules/gulp-concat/package.json
15 verbose installManyTop reading scoped package data from /home/ubuntu/workspace/tuPelo/node_modules/gulp-minify-css/package.json
16 verbose installManyTop reading scoped package data from /home/ubuntu/workspace/tuPelo/node_modules/gulp-rename/package.json
17 verbose installManyTop reading scoped package data from /home/ubuntu/workspace/tuPelo/node_modules/gulp-sass/package.json
18 verbose installManyTop reading scoped package data from /home/ubuntu/workspace/tuPelo/node_modules/gulp-util/package.json
19 verbose installManyTop reading scoped package data from /home/ubuntu/workspace/tuPelo/node_modules/moment/package.json
20 verbose installManyTop reading scoped package data from /home/ubuntu/workspace/tuPelo/node_modules/shelljs/package.json
21 info package.json firebase@3.5.1 No license field.
22 info package.json gulp-minify-css@0.3.13 No license field.
23 info package.json gulp-rename@1.2.2 No license field.
24 info package.json gulp-util@2.2.20 No license field.
25 info package.json shelljs@0.3.0 license should be a valid SPDX license expression
26 info package.json angular-ui-bootstrap-datetimepicker@2.0.1 No repository field.
27 verbose readDependencies loading dependencies from /home/ubuntu/workspace/tuPelo/package.json
28 silly cache add args [ 'ui.bootstrap', null ]
29 verbose cache add spec ui.bootstrap
30 silly cache add parsed spec Result {
30 silly cache add   raw: 'ui.bootstrap',
30 silly cache add   scope: null,
30 silly cache add   name: 'ui.bootstrap',
30 silly cache add   rawSpec: '',
30 silly cache add   spec: 'latest',
30 silly cache add   type: 'tag' }
31 silly addNamed ui.bootstrap@latest
32 verbose addNamed "latest" is being treated as a dist-tag for ui.bootstrap
33 info addNameTag [ 'ui.bootstrap', 'latest' ]
34 silly mapToRegistry name ui.bootstrap
35 silly mapToRegistry using default registry
36 silly mapToRegistry registry https://registry.npmjs.org/
37 silly mapToRegistry data Result {
37 silly mapToRegistry   raw: 'ui.bootstrap',
37 silly mapToRegistry   scope: null,
37 silly mapToRegistry   name: 'ui.bootstrap',
37 silly mapToRegistry   rawSpec: '',
37 silly mapToRegistry   spec: 'latest',
37 silly mapToRegistry   type: 'tag' }
38 silly mapToRegistry uri https://registry.npmjs.org/ui.bootstrap
39 verbose addNameTag registry:https://registry.npmjs.org/ui.bootstrap not in flight; fetching
40 verbose request uri https://registry.npmjs.org/ui.bootstrap
41 verbose request no auth needed
42 info attempt registry request try #1 at 3:11:26 PM
43 verbose request id 1e48c35381967cb9
44 http request GET https://registry.npmjs.org/ui.bootstrap
45 http 404 https://registry.npmjs.org/ui.bootstrap
46 verbose headers { 'content-type': 'application/json',
46 verbose headers   'cache-control': 'max-age=0',
46 verbose headers   'content-length': '2',
46 verbose headers   'accept-ranges': 'bytes',
46 verbose headers   date: 'Sat, 12 Nov 2016 15:11:26 GMT',
46 verbose headers   via: '1.1 varnish',
46 verbose headers   age: '0',
46 verbose headers   connection: 'keep-alive',
46 verbose headers   'x-served-by': 'cache-ord1736-ORD',
46 verbose headers   'x-cache': 'MISS',
46 verbose headers   'x-cache-hits': '0',
46 verbose headers   'x-timer': 'S1478963486.791628,VS0,VE134',
46 verbose headers   vary: 'Accept-Encoding' }
47 silly get cb [ 404,
47 silly get   { 'content-type': 'application/json',
47 silly get     'cache-control': 'max-age=0',
47 silly get     'content-length': '2',
47 silly get     'accept-ranges': 'bytes',
47 silly get     date: 'Sat, 12 Nov 2016 15:11:26 GMT',
47 silly get     via: '1.1 varnish',
47 silly get     age: '0',
47 silly get     connection: 'keep-alive',
47 silly get     'x-served-by': 'cache-ord1736-ORD',
47 silly get     'x-cache': 'MISS',
47 silly get     'x-cache-hits': '0',
47 silly get     'x-timer': 'S1478963486.791628,VS0,VE134',
47 silly get     vary: 'Accept-Encoding' } ]
48 verbose stack Error: Registry returned 404 for GET on https://registry.npmjs.org/ui.bootstrap
48 verbose stack     at makeError (/home/ubuntu/.nvm/versions/node/v4.5.0/lib/node_modules/npm/node_modules/npm-registry-client/lib/request.js:264:12)
48 verbose stack     at CachingRegistryClient.<anonymous> (/home/ubuntu/.nvm/versions/node/v4.5.0/lib/node_modules/npm/node_modules/npm-registry-client/lib/request.js:242:14)
48 verbose stack     at Request._callback (/home/ubuntu/.nvm/versions/node/v4.5.0/lib/node_modules/npm/node_modules/npm-registry-client/lib/request.js:172:14)
48 verbose stack     at Request.self.callback (/home/ubuntu/.nvm/versions/node/v4.5.0/lib/node_modules/npm/node_modules/request/request.js:200:22)
48 verbose stack     at emitTwo (events.js:87:13)
48 verbose stack     at Request.emit (events.js:172:7)
48 verbose stack     at Request.<anonymous> (/home/ubuntu/.nvm/versions/node/v4.5.0/lib/node_modules/npm/node_modules/request/request.js:1067:10)
48 verbose stack     at emitOne (events.js:82:20)
48 verbose stack     at Request.emit (events.js:169:7)
48 verbose stack     at IncomingMessage.<anonymous> (/home/ubuntu/.nvm/versions/node/v4.5.0/lib/node_modules/npm/node_modules/request/request.js:988:12)
49 verbose statusCode 404
50 verbose pkgid ui.bootstrap
51 verbose cwd /home/ubuntu/workspace/tuPelo
52 error Linux 4.2.0-c9
53 error argv "/home/ubuntu/.nvm/versions/node/v4.5.0/bin/node" "/home/ubuntu/.nvm/versions/node/v4.5.0/bin/npm" "install" "ui.bootstrap"
54 error node v4.5.0
55 error npm  v2.15.9
56 error code E404
57 error 404 Registry returned 404 for GET on https://registry.npmjs.org/ui.bootstrap
57 error 404
57 error 404 'ui.bootstrap' is not in the npm registry.
57 error 404 You should bug the author to publish it (or use the name yourself!)
57 error 404 It was specified as a dependency of 'tupelo'
57 error 404
57 error 404 Note that you can also install from a
57 error 404 tarball, folder, http url, or git url.
58 verbose exit [ 1, true ]
